2024-11-19 16:49:32,995 - INFO - 기본 설정 파일을 생성했습니다.
2024-11-19 16:49:35,999 - INFO - 컨트롤 클릭을 시작합니다...
2024-11-19 16:49:36,506 - INFO - '5단계1' 클릭 성공 (737, 335)
2024-11-19 16:49:38,012 - INFO - '5단계2' 클릭 성공 (787, 335)
2024-11-19 16:49:39,519 - INFO - '10단계' 클릭 성공 (837, 335)
2024-11-19 16:49:41,026 - INFO - '기업' 클릭 성공 (887, 335)
2024-11-19 16:49:42,540 - INFO - '뉴스' 클릭 성공 (927, 335)
2024-11-19 16:49:44,056 - INFO - 'Tick' 클릭 성공 (967, 335)
2024-11-19 16:49:45,569 - INFO - '회원사' 클릭 성공 (1017, 335)
2024-11-19 16:49:47,081 - INFO - 'PR' 클릭 성공 (1067, 335)
2024-11-19 16:49:48,589 - INFO - '가격대' 클릭 성공 (1107, 335)
2024-11-19 16:49:50,095 - INFO - '투자자' 클릭 성공 (1157, 335)
2024-11-19 16:49:51,604 - INFO - '외인' 클릭 성공 (1207, 335)
2024-11-19 16:49:53,116 - INFO - 'News' 클릭 성공 (1257, 335)
2024-11-19 16:49:54,623 - INFO - '공식' 클릭 성공 (1307, 335)
2024-11-19 16:49:56,131 - INFO - '경쟁사' 클릭 성공 (1357, 335)
2024-11-19 16:49:57,637 - INFO - 'ELW' 클릭 성공 (1407, 335)
2024-11-19 16:49:59,143 - INFO - '선물' 클릭 성공 (1457, 335)
2024-11-19 16:50:00,659 - INFO - 'CFD' 클릭 성공 (1507, 335)
2024-11-19 16:50:00,659 - INFO - 사용자에 의해 중지되었습니다.
2024-11-19 16:57:00,306 - INFO - 설정 파일을 로드했습니다.
2024-11-19 16:57:03,310 - INFO - 컨트롤 클릭을 시작합니다...
2024-11-19 16:57:04,891 - INFO - '5단계1' 클릭 성공 (627, 212)
2024-11-19 16:57:07,356 - INFO - '5단계2' 클릭 성공 (677, 212)
2024-11-19 16:57:09,822 - INFO - '10단계' 클릭 성공 (727, 212)
2024-11-19 16:57:12,287 - INFO - '기업' 클릭 성공 (777, 212)
2024-11-19 16:57:14,753 - INFO - '뉴스' 클릭 성공 (817, 212)
2024-11-19 16:57:17,217 - INFO - 'Tick' 클릭 성공 (857, 212)
2024-11-19 16:57:19,682 - INFO - '회원사' 클릭 성공 (907, 212)
2024-11-19 16:57:22,148 - INFO - 'PR' 클릭 성공 (957, 212)
2024-11-19 16:57:24,614 - INFO - '가격대' 클릭 성공 (997, 212)
2024-11-19 16:57:27,079 - INFO - '투자자' 클릭 성공 (1047, 212)
2024-11-19 16:57:28,131 - WARNING - '외인' 클릭 실패 (시도 1/3): PyAutoGUI fail-safe triggered from mouse moving to a corner of the screen. To disable this fail-safe, set pyautogui.FAILSAFE to False. DISABLING FAIL-SAFE IS NOT RECOMMENDED.
2024-11-19 16:57:30,609 - INFO - '외인' 클릭 성공 (1097, 212)
2024-11-19 16:57:31,612 - WARNING - 'News' 클릭 실패 (시도 1/3): PyAutoGUI fail-safe triggered from mouse moving to a corner of the screen. To disable this fail-safe, set pyautogui.FAILSAFE to False. DISABLING FAIL-SAFE IS NOT RECOMMENDED.
2024-11-19 16:57:34,079 - INFO - 'News' 클릭 성공 (1147, 212)
2024-11-19 16:57:36,562 - INFO - '공식' 클릭 성공 (1197, 212)
2024-11-19 16:57:39,030 - INFO - '경쟁사' 클릭 성공 (1247, 212)
2024-11-19 16:57:40,395 - INFO - 프로그램이 사용자에 의해 중단되었습니다.
2024-11-19 17:01:09,715 - INFO - 설정 파일을 로드했습니다.
2024-11-19 17:01:12,720 - INFO - 컨트롤 클릭을 시작합니다...
2024-11-19 17:01:14,357 - INFO - '5단계1' 클릭 성공 (791, 381)
2024-11-19 17:01:16,822 - INFO - '5단계2' 클릭 성공 (841, 381)
2024-11-19 17:01:19,288 - INFO - '10단계' 클릭 성공 (891, 381)
2024-11-19 17:01:21,760 - INFO - '기업' 클릭 성공 (941, 381)
2024-11-19 17:01:24,224 - INFO - '뉴스' 클릭 성공 (981, 381)
2024-11-19 17:01:26,690 - INFO - 'Tick' 클릭 성공 (1021, 381)
2024-11-19 17:01:29,160 - INFO - '회원사' 클릭 성공 (1071, 381)
2024-11-19 17:01:31,627 - INFO - 'PR' 클릭 성공 (1121, 381)
2024-11-19 17:01:34,093 - INFO - '가격대' 클릭 성공 (1161, 381)
2024-11-19 17:01:36,558 - INFO - '투자자' 클릭 성공 (1211, 381)
2024-11-19 17:01:39,025 - INFO - '외인' 클릭 성공 (1261, 381)
2024-11-19 17:01:41,511 - INFO - 'News' 클릭 성공 (1311, 381)
2024-11-19 17:01:43,975 - INFO - '공식' 클릭 성공 (1361, 381)
2024-11-19 17:01:46,441 - INFO - '경쟁사' 클릭 성공 (1411, 381)
2024-11-19 17:01:48,906 - INFO - 'ELW' 클릭 성공 (1461, 381)
2024-11-19 17:01:51,371 - INFO - '선물' 클릭 성공 (1511, 381)
2024-11-19 17:01:53,837 - INFO - 'CFD' 클릭 성공 (1561, 381)
2024-11-19 17:01:54,840 - INFO - 클릭 작업 완료 (성공: 17, 실패: 0)
2024-11-19 17:02:04,932 - INFO - 설정 파일을 로드했습니다.
2024-11-19 17:02:07,937 - INFO - 컨트롤 클릭을 시작합니다...
2024-11-19 17:02:09,607 - INFO - '5단계1' 클릭 성공 (791, 381)
2024-11-19 17:02:12,072 - INFO - '5단계2' 클릭 성공 (841, 381)
2024-11-19 17:02:14,538 - INFO - '10단계' 클릭 성공 (891, 381)
2024-11-19 17:02:17,003 - INFO - '기업' 클릭 성공 (941, 381)
2024-11-19 17:02:19,468 - INFO - '뉴스' 클릭 성공 (981, 381)
2024-11-19 17:02:21,933 - INFO - 'Tick' 클릭 성공 (1021, 381)
2024-11-19 17:02:24,400 - INFO - '회원사' 클릭 성공 (1071, 381)
2024-11-19 17:02:26,866 - INFO - 'PR' 클릭 성공 (1121, 381)
2024-11-19 17:02:29,329 - INFO - '가격대' 클릭 성공 (1161, 381)
2024-11-19 17:02:31,795 - INFO - '투자자' 클릭 성공 (1211, 381)
2024-11-19 17:02:34,261 - INFO - '외인' 클릭 성공 (1261, 381)
2024-11-19 17:02:36,727 - INFO - 'News' 클릭 성공 (1311, 381)
2024-11-19 17:02:39,193 - INFO - '공식' 클릭 성공 (1361, 381)
2024-11-19 17:02:41,657 - INFO - '경쟁사' 클릭 성공 (1411, 381)
2024-11-19 17:02:44,128 - INFO - 'ELW' 클릭 성공 (1461, 381)
2024-11-19 17:02:46,596 - INFO - '선물' 클릭 성공 (1511, 381)
2024-11-19 17:02:49,058 - INFO - 'CFD' 클릭 성공 (1561, 381)
2024-11-19 17:02:50,065 - INFO - 클릭 작업 완료 (성공: 17, 실패: 0)
